{
  "stats": {
    "suites": 1,
    "tests": 1,
    "passes": 1,
    "pending": 0,
    "failures": 0,
    "start": "2023-03-08T15:32:19.651Z",
    "end": "2023-03-08T15:32:43.021Z",
    "duration": 23370,
    "testsRegistered": 1,
    "passPercent": 100,
    "pendingPercent": 0,
    "other": 0,
    "hasOther": false,
    "skipped": 0,
    "hasSkipped": false
  },
  "results": [
    {
      "uuid": "98a73623-23aa-4a35-acd8-04278024ec4a",
      "title": "",
      "fullFile": "cypress/e2e/test1.cy.js",
      "file": "cypress/e2e/test1.cy.js",
      "beforeHooks": [],
      "afterHooks": [],
      "tests": [],
      "suites": [
        {
          "uuid": "5ce1eb12-899a-4b29-a9e5-3d0fa2f7b44e",
          "title": "Open modus create website and verify components on it",
          "fullFile": "",
          "file": "",
          "beforeHooks": [],
          "afterHooks": [],
          "tests": [
            {
              "title": "explain custom command",
              "fullTitle": "Open modus create website and verify components on it explain custom command",
              "timedOut": null,
              "duration": 21588,
              "state": "passed",
              "speed": "slow",
              "pass": true,
              "fail": false,
              "pending": false,
              "context": null,
              "code": "cy.get('#menu-main-nav-1').contains('Contact').click();\ncy.fillContactForm(this.contactdata.fname, this.contactdata.lname, this.contactdata.email, this.contactdata.companyname, this.contactdata.whatcanwedo, this.contactdata.anythingelse);\ncy.contains('Thank you for contacting us');\ncy.screenshot('CompletePage');",
              "err": {},
              "uuid": "f0dc4ac4-8530-4fea-b859-89b5ea351d40",
              "parentUUID": "5ce1eb12-899a-4b29-a9e5-3d0fa2f7b44e",
              "isHook": false,
              "skipped": false
            }
          ],
          "suites": [],
          "passes": [
            "f0dc4ac4-8530-4fea-b859-89b5ea351d40"
          ],
          "failures": [],
          "pending": [],
          "skipped": [],
          "duration": 21588,
          "root": false,
          "rootEmpty": false,
          "_timeout": 2000
        }
      ],
      "passes": [],
      "failures": [],
      "pending": [],
      "skipped": [],
      "duration": 0,
      "root": true,
      "rootEmpty": true,
      "_timeout": 2000
    }
  ],
  "meta": {
    "mocha": {
      "version": "7.0.1"
    },
    "mochawesome": {
      "options": {
        "quiet": false,
        "reportFilename": "mochawesome",
        "saveHtml": true,
        "saveJson": true,
        "consoleReporter": "spec",
        "useInlineDiffs": false,
        "code": true
      },
      "version": "7.1.3"
    },
    "marge": {
      "options": null,
      "version": "6.2.0"
    }
  }
}